
> client@0.1.0 build /home/turnix/WORK/test/meowio/client
> react-scripts build

Creating an optimized production build...
Compiled with warnings.

[eslint] 
src/auth/index.tsx
  Line 47:5:  React Hook useMemo has missing dependencies: 'login' and 'logout'. Either include them or remove the dependency array  react-hooks/exhaustive-deps

src/components/LoginForm/index.tsx
  Line 13:18:  'errors' is assigned a value but never used  @typescript-eslint/no-unused-vars

src/components/Nav/index.tsx
  Line 2:19:  'Navigate' is defined but never used  @typescript-eslint/no-unused-vars

Search for the keywords to learn more about each warning.
To ignore, add // eslint-disable-next-line to the line before.

File sizes after gzip:

  85.83 kB  build/static/js/main.8c91d672.js
  1.78 kB   build/static/js/822.77c61cd6.chunk.js
  479 B     build/static/css/main.39f03441.css

The project was built assuming it is hosted at /.
You can control this with the homepage field in your package.json.

The build folder is ready to be deployed.
You may serve it with a static server:

  npm install -g serve
  serve -s build

Find out more about deployment here:

  https://cra.link/deployment

